{"level":"DEBUG","timestamp":"2018-07-12 11:20:12.207","file":"user/create.go:23","msg":"username is: [], password is: []"}
{"level":"ERROR","timestamp":"2018-07-12 11:20:12.207","file":"user/create.go:29","msg":"Get an error","data":{"error":"Err - code: 20102, message: The user was not found.  add message, error: username can not found in db: xx.xx.xx.xx"}}
{"level":"DEBUG","timestamp":"2018-07-12 11:20:12.207","file":"user/create.go:33","msg":"err type is ErrUserNotFound"}
{"level":"DEBUG","timestamp":"2018-07-12 11:20:17.687","file":"user/create.go:23","msg":"username is: [], password is: []"}
{"level":"ERROR","timestamp":"2018-07-12 11:20:17.687","file":"user/create.go:29","msg":"Get an error","data":{"error":"Err - code: 20102, message: The user was not found.  add message, error: username can not found in db: xx.xx.xx.xx"}}
{"level":"DEBUG","timestamp":"2018-07-12 11:20:17.687","file":"user/create.go:33","msg":"err type is ErrUserNotFound"}
{"level":"DEBUG","timestamp":"2018-07-12 11:21:54.261","file":"user/create.go:23","msg":"username is: [], password is: []"}
{"level":"ERROR","timestamp":"2018-07-12 11:21:54.261","file":"user/create.go:29","msg":"Get an error","data":{"error":"Err - code: 20102, message: The user was not found.  add message, error: username can not found in db: xx.xx.xx.xx"}}
{"level":"DEBUG","timestamp":"2018-07-12 11:21:54.261","file":"user/create.go:33","msg":"err type is ErrUserNotFound"}
{"level":"DEBUG","timestamp":"2018-07-12 11:23:27.996","file":"user/create.go:23","msg":"username is: [], password is: []"}
{"level":"ERROR","timestamp":"2018-07-12 11:23:27.996","file":"user/create.go:29","msg":"Get an error","data":{"error":"Err - code: 20102, message: The user was not found.  add message, error: username can not found in db: xx.xx.xx.xx"}}
{"level":"DEBUG","timestamp":"2018-07-12 11:23:27.996","file":"user/create.go:33","msg":"err type is ErrUserNotFound"}
{"level":"DEBUG","timestamp":"2018-07-12 11:24:26.164","file":"user/create.go:23","msg":"username is: [test], password is: []"}
{"level":"DEBUG","timestamp":"2018-07-12 11:24:33.274","file":"user/create.go:23","msg":"username is: [], password is: [test]"}
{"level":"ERROR","timestamp":"2018-07-12 11:24:33.274","file":"user/create.go:29","msg":"Get an error","data":{"error":"Err - code: 20102, message: The user was not found.  add message, error: username can not found in db: xx.xx.xx.xx"}}
{"level":"DEBUG","timestamp":"2018-07-12 11:24:33.274","file":"user/create.go:33","msg":"err type is ErrUserNotFound"}
{"level":"DEBUG","timestamp":"2018-07-12 11:25:16.134","file":"user/create.go:23","msg":"username is: [username], password is: [test]"}
{"level":"DEBUG","timestamp":"2018-07-12 11:26:22.972","file":"user/create.go:23","msg":"username is: [username], password is: []"}
{"level":"DEBUG","timestamp":"2018-07-12 12:15:47.286","file":"user/create.go:23","msg":"username is: [username], password is: []"}
{"level":"DEBUG","timestamp":"2018-07-12 12:15:52.637","file":"user/create.go:23","msg":"username is: [username], password is: [test]"}
{"level":"DEBUG","timestamp":"2018-07-12 14:09:43.094","file":"user/create.go:22","msg":"username is: [username], password is: [test]"}
{"level":"DEBUG","timestamp":"2018-07-12 14:10:31.883","file":"user/create.go:21","msg":"username is: [username], password is: [test]"}
{"level":"DEBUG","timestamp":"2018-07-12 14:11:52.290","file":"user/create.go:21","msg":"username is: [username], password is: [test]"}
{"level":"DEBUG","timestamp":"2018-07-12 14:12:58.586","file":"user/create.go:21","msg":"username is: [], password is: [test]"}
{"level":"ERROR","timestamp":"2018-07-12 14:12:58.587","file":"user/create.go:27","msg":"Get an error","data":{"error":"Err - code: 20102, message: The user was not found.  add message, error: username can not found in db: xx.xx.xx.xx"}}
{"level":"DEBUG","timestamp":"2018-07-12 14:12:58.587","file":"user/create.go:31","msg":"err type is ErrUserNotFound"}
{"level":"DEBUG","timestamp":"2018-07-12 14:13:03.041","file":"user/create.go:21","msg":"username is: [username], password is: []"}
{"level":"DEBUG","timestamp":"2018-07-12 14:16:45.965","file":"user/create.go:21","msg":"username is: [username], password is: []"}
{"level":"DEBUG","timestamp":"2018-07-12 14:16:49.995","file":"user/create.go:21","msg":"username is: [username], password is: [test]"}
